<?xml version="1.0" encoding="UTF-8"?>
<testng-results ignored="0" total="1" passed="1" failed="0" skipped="0">
  <reporter-output>
  </reporter-output>
  <suite started-at="2024-08-13T14:36:38 IST" name="Default suite" finished-at="2024-08-13T14:36:59 IST" duration-ms="20742">
    <groups>
    </groups>
    <test started-at="2024-08-13T14:36:38 IST" name="Default test" finished-at="2024-08-13T14:36:59 IST" duration-ms="20742">
      <class name="com.apitestscript.projecttest.ProjectTest">
        <test-method is-config="true" signature="configBeforeSuite()[pri:0, instance:com.apitestscript.projecttest.ProjectTest@5f049ea1]" started-at="2024-08-13T14:36:31 IST" name="configBeforeSuite" finished-at="2024-08-13T14:36:38 IST" duration-ms="7509" status="PASS">
          <reporter-output>
          </reporter-output>
        </test-method> <!-- configBeforeSuite -->
        <test-method signature="addSingleProjectWithCreatedTest()[pri:0, instance:com.apitestscript.projecttest.ProjectTest@5f049ea1]" started-at="2024-08-13T14:36:39 IST" name="addSingleProjectWithCreatedTest" finished-at="2024-08-13T14:36:59 IST" duration-ms="20244" status="PASS">
          <reporter-output>
          </reporter-output>
        </test-method> <!-- addSingleProjectWithCreatedTest -->
        <test-method is-config="true" signature="configAfterSuite()[pri:0, instance:com.apitestscript.projecttest.ProjectTest@5f049ea1]" started-at="2024-08-13T14:37:00 IST" name="configAfterSuite" finished-at="2024-08-13T14:37:00 IST" duration-ms="20" status="PASS">
          <reporter-output>
          </reporter-output>
        </test-method> <!-- configAfterSuite -->
      </class> <!-- com.apitestscript.projecttest.ProjectTest -->
    </test> <!-- Default test -->
  </suite> <!-- Default suite -->
</testng-results>
